<?xml version="1.0" encoding="UTF-8"?>
<testng-results total="2" passed="2" failed="0" skipped="0">
  <reporter-output>
  </reporter-output>
  <suite started-at="2023-08-04T06:08:36Z" name="Suite" finished-at="2023-08-04T06:09:07Z" duration-ms="31243">
    <groups>
    </groups>
    <test started-at="2023-08-04T06:08:36Z" name="LoginTest" finished-at="2023-08-04T06:08:51Z" duration-ms="14725">
      <class name="com.ibm.fst.nopcomm.exercise2.tests.LoginTest">
        <test-method is-config="true" signature="launchApp()[pri:0, instance:com.ibm.fst.nopcomm.exercise2.tests.LoginTest@1f75a668]" started-at="2023-08-04T11:38:36Z" name="launchApp" finished-at="2023-08-04T11:38:41Z" duration-ms="4788" status="PASS">
          <reporter-output>
          </reporter-output>
        </test-method> <!-- launchApp -->
        <test-method signature="verifyLoginFunctionality(java.lang.String, java.lang.String, boolean, java.lang.String, java.lang.String)[pri:0, instance:com.ibm.fst.nopcomm.exercise2.tests.LoginTest@1f75a668]" started-at="2023-08-04T11:38:41Z" name="verifyLoginFunctionality" data-provider="login" finished-at="2023-08-04T11:38:45Z" duration-ms="3752" status="PASS">
          <params>
            <param index="0">
              <value>
                <![CDATA[admin@yourstore.com]]>
              </value>
            </param>
            <param index="1">
              <value>
                <![CDATA[admin]]>
              </value>
            </param>
            <param index="2">
              <value>
                <![CDATA[false]]>
              </value>
            </param>
            <param index="3">
              <value>
                <![CDATA[Your store. Login]]>
              </value>
            </param>
            <param index="4">
              <value>
                <![CDATA[Dashboard / nopCommerce administration]]>
              </value>
            </param>
          </params>
          <reporter-output>
          </reporter-output>
        </test-method> <!-- verifyLoginFunctionality -->
        <test-method is-config="true" signature="closeApp()[pri:0, instance:com.ibm.fst.nopcomm.exercise2.tests.LoginTest@1f75a668]" started-at="2023-08-04T11:38:45Z" name="closeApp" finished-at="2023-08-04T11:38:51Z" duration-ms="6174" status="PASS">
          <reporter-output>
          </reporter-output>
        </test-method> <!-- closeApp -->
      </class> <!-- com.ibm.fst.nopcomm.exercise2.tests.LoginTest -->
    </test> <!-- LoginTest -->
    <test started-at="2023-08-04T06:08:51Z" name="CustomerSearchTest" finished-at="2023-08-04T06:09:07Z" duration-ms="16504">
      <class name="com.ibm.fst.nopcomm.exercise2.tests.CustomerSearchTest">
        <test-method is-config="true" signature="launchApp()[pri:0, instance:com.ibm.fst.nopcomm.exercise2.tests.CustomerSearchTest@5e3d57c7]" started-at="2023-08-04T11:38:51Z" name="launchApp" finished-at="2023-08-04T11:38:55Z" duration-ms="3807" status="PASS">
          <reporter-output>
          </reporter-output>
        </test-method> <!-- launchApp -->
        <test-method signature="verifyCustomerFunctionality(java.lang.String, java.lang.String, boolean, java.lang.String, java.lang.String, java.lang.String)[pri:0, instance:com.ibm.fst.nopcomm.exercise2.tests.CustomerSearchTest@5e3d57c7]" started-at="2023-08-04T11:38:55Z" name="verifyCustomerFunctionality" data-provider="CustomerSearch" finished-at="2023-08-04T11:39:01Z" duration-ms="6509" status="PASS">
          <params>
            <param index="0">
              <value>
                <![CDATA[admin@yourstore.com]]>
              </value>
            </param>
            <param index="1">
              <value>
                <![CDATA[admin]]>
              </value>
            </param>
            <param index="2">
              <value>
                <![CDATA[false]]>
              </value>
            </param>
            <param index="3">
              <value>
                <![CDATA[Dashboard]]>
              </value>
            </param>
            <param index="4">
              <value>
                <![CDATA[name]]>
              </value>
            </param>
            <param index="5">
              <value>
                <![CDATA[John Smith]]>
              </value>
            </param>
          </params>
          <reporter-output>
          </reporter-output>
        </test-method> <!-- verifyCustomerFunctionality -->
        <test-method is-config="true" signature="closeApp()[pri:0, instance:com.ibm.fst.nopcomm.exercise2.tests.CustomerSearchTest@5e3d57c7]" started-at="2023-08-04T11:39:01Z" name="closeApp" finished-at="2023-08-04T11:39:07Z" duration-ms="6187" status="PASS">
          <reporter-output>
          </reporter-output>
        </test-method> <!-- closeApp -->
      </class> <!-- com.ibm.fst.nopcomm.exercise2.tests.CustomerSearchTest -->
    </test> <!-- CustomerSearchTest -->
  </suite> <!-- Suite -->
</testng-results>
