<?xml version="1.0" encoding="UTF-8"?>
<testsuite xmlns:xsi="http://www.w3.org/2001/XMLSchema-instance" xsi:noNamespaceSchemaLocation="https://maven.apache.org/surefire/maven-surefire-plugin/xsd/surefire-test-report-3.0.xsd" version="3.0" name="TestSuite" time="32.113" tests="2" errors="0" skipped="0" failures="0">
  <properties>
[...]
</properties>
  <testcase name="verifyLoginFunctionality[admin@yourstore.com, admin, false, Your store. Login, Dashboard / nopCommerce administration](1)" classname="com.ibm.fst.nopcomm.exercise2.tests.LoginTest" time="3.73">
    <system-out><![CDATA[ INFO [main] (BaseTest.java:37)- launching chrome browser
 INFO [main] (BaseTest.java:40)- launching application: https://admin-demo.nopcommerce.com/login?ReturnUrl=%2Fadmin%2F
]]></system-out>
    <system-err><![CDATA[SLF4J: Failed to load class "org.slf4j.impl.StaticLoggerBinder".
SLF4J: Defaulting to no-operation (NOP) logger implementation
SLF4J: See http://www.slf4j.org/codes.html#StaticLoggerBinder for further details.
Starting ChromeDriver 114.0.5735.90 (386bc09e8f4f2e025eddae123f36f6263096ae49-refs/branch-heads/5735@{#1052}) on port 21572
Only local connections are allowed.
Please see https://chromedriver.chromium.org/security-considerations for suggestions on keeping ChromeDriver safe.
ChromeDriver was started successfully.
[1691129319.911][WARNING]: This version of ChromeDriver has not been tested with Chrome version 115.
Aug 04, 2023 11:38:39 AM org.openqa.selenium.remote.ProtocolHandshake createSession
INFO: Detected dialect: W3C
]]></system-err>
  </testcase>
  <testcase name="verifyCustomerFunctionality[admin@yourstore.com, admin, false, Dashboard, name, John Smith](1)" classname="com.ibm.fst.nopcomm.exercise2.tests.CustomerSearchTest" time="6.499">
    <system-out><![CDATA[ INFO [main] (BaseTest.java:53)- closing an application: 
 INFO [main] (BaseTest.java:37)- launching chrome browser
 INFO [main] (BaseTest.java:40)- launching application: https://admin-demo.nopcommerce.com/login?ReturnUrl=%2Fadmin%2F
1
7
]]></system-out>
    <system-err><![CDATA[Starting ChromeDriver 114.0.5735.90 (386bc09e8f4f2e025eddae123f36f6263096ae49-refs/branch-heads/5735@{#1052}) on port 28664
Only local connections are allowed.
Please see https://chromedriver.chromium.org/security-considerations for suggestions on keeping ChromeDriver safe.
ChromeDriver was started successfully.
[1691129333.705][WARNING]: This version of ChromeDriver has not been tested with Chrome version 115.
Aug 04, 2023 11:38:53 AM org.openqa.selenium.remote.ProtocolHandshake createSession
INFO: Detected dialect: W3C
]]></system-err>
  </testcase>
</testsuite>