<?xml version="1.0" encoding="UTF-8"?>
<testng-results total="2" passed="2" failed="0" skipped="0">
  <reporter-output>
  </reporter-output>
  <suite started-at="2023-08-04T05:55:14Z" name="Suite" finished-at="2023-08-04T05:55:41Z" duration-ms="27718">
    <groups>
    </groups>
    <test started-at="2023-08-04T05:55:14Z" name="LoginTest" finished-at="2023-08-04T05:55:28Z" duration-ms="14200">
      <class name="com.ibm.fst.nopcomm.exercise2.tests.LoginTest">
        <test-method is-config="true" signature="launchApp()[pri:0, instance:com.ibm.fst.nopcomm.exercise2.tests.LoginTest@20c0a64d]" started-at="2023-08-04T11:25:14Z" name="launchApp" finished-at="2023-08-04T11:25:18Z" duration-ms="4284" status="PASS">
          <reporter-output>
          </reporter-output>
        </test-method> <!-- launchApp -->
        <test-method signature="verifyLoginFunctionality(java.lang.String, java.lang.String, boolean, java.lang.String, java.lang.String)[pri:0, instance:com.ibm.fst.nopcomm.exercise2.tests.LoginTest@20c0a64d]" started-at="2023-08-04T11:25:18Z" name="verifyLoginFunctionality" data-provider="login" finished-at="2023-08-04T11:25:22Z" duration-ms="3640" status="PASS">
          <params>
            <param index="0">
              <value>
                <![CDATA[admin@yourstore.com]]>
              </value>
            </param>
            <param index="1">
              <value>
                <![CDATA[admin]]>
              </value>
            </param>
            <param index="2">
              <value>
                <![CDATA[false]]>
              </value>
            </param>
            <param index="3">
              <value>
                <![CDATA[Your store. Login]]>
              </value>
            </param>
            <param index="4">
              <value>
                <![CDATA[Dashboard / nopCommerce administration]]>
              </value>
            </param>
          </params>
          <reporter-output>
          </reporter-output>
        </test-method> <!-- verifyLoginFunctionality -->
        <test-method is-config="true" signature="closeApp()[pri:0, instance:com.ibm.fst.nopcomm.exercise2.tests.LoginTest@20c0a64d]" started-at="2023-08-04T11:25:22Z" name="closeApp" finished-at="2023-08-04T11:25:28Z" duration-ms="6260" status="PASS">
          <reporter-output>
          </reporter-output>
        </test-method> <!-- closeApp -->
      </class> <!-- com.ibm.fst.nopcomm.exercise2.tests.LoginTest -->
    </test> <!-- LoginTest -->
    <test started-at="2023-08-04T05:55:28Z" name="CustomerSearchTest" finished-at="2023-08-04T05:55:41Z" duration-ms="13504">
      <class name="com.ibm.fst.nopcomm.exercise2.tests.CustomerSearchTest">
        <test-method is-config="true" signature="launchApp()[pri:0, instance:com.ibm.fst.nopcomm.exercise2.tests.CustomerSearchTest@5ddcc487]" started-at="2023-08-04T11:25:28Z" name="launchApp" finished-at="2023-08-04T11:25:30Z" duration-ms="2212" status="PASS">
          <reporter-output>
          </reporter-output>
        </test-method> <!-- launchApp -->
        <test-method signature="verifyCustomerFunctionality(java.lang.String, java.lang.String, boolean, java.lang.String, java.lang.String, java.lang.String)[pri:0, instance:com.ibm.fst.nopcomm.exercise2.tests.CustomerSearchTest@5ddcc487]" started-at="2023-08-04T11:25:30Z" name="verifyCustomerFunctionality" data-provider="CustomerSearch" finished-at="2023-08-04T11:25:35Z" duration-ms="5053" status="PASS">
          <params>
            <param index="0">
              <value>
                <![CDATA[admin@yourstore.com]]>
              </value>
            </param>
            <param index="1">
              <value>
                <![CDATA[admin]]>
              </value>
            </param>
            <param index="2">
              <value>
                <![CDATA[false]]>
              </value>
            </param>
            <param index="3">
              <value>
                <![CDATA[Dashboard]]>
              </value>
            </param>
            <param index="4">
              <value>
                <![CDATA[name]]>
              </value>
            </param>
            <param index="5">
              <value>
                <![CDATA[John Smith]]>
              </value>
            </param>
          </params>
          <reporter-output>
          </reporter-output>
        </test-method> <!-- verifyCustomerFunctionality -->
        <test-method is-config="true" signature="closeApp()[pri:0, instance:com.ibm.fst.nopcomm.exercise2.tests.CustomerSearchTest@5ddcc487]" started-at="2023-08-04T11:25:35Z" name="closeApp" finished-at="2023-08-04T11:25:41Z" duration-ms="6238" status="PASS">
          <reporter-output>
          </reporter-output>
        </test-method> <!-- closeApp -->
      </class> <!-- com.ibm.fst.nopcomm.exercise2.tests.CustomerSearchTest -->
    </test> <!-- CustomerSearchTest -->
  </suite> <!-- Suite -->
</testng-results>
